<?xml version="1.0" encoding="UTF-8"?>
<!-- Generated by org.testng.reporters.JUnitReportReporter -->
<testsuite skipped="0" hostname="Admin-PC" name="Maven.MavenJava.AppiumTest" tests="2" failures="0" timestamp="01 Sep 2020 07:43:54 GMT" time="0.066" errors="0">
  <testcase name="IOSApps" time="0.064" classname="Maven.MavenJava.AppiumTest"/>
  <testcase name="nativeAppAndroid" time="0.002" classname="Maven.MavenJava.AppiumTest"/>
</testsuite> <!-- Maven.MavenJava.AppiumTest -->
