<?xml version="1.0" encoding="UTF-8"?>
<!-- Generated by org.testng.reporters.JUnitReportReporter -->
<testsuite skipped="0" hostname="Admin-PC" name="Maven.MavenJava.RestAPITest" tests="2" failures="0" timestamp="04 Sep 2020 14:08:58 GMT" time="0.001" errors="0">
  <testcase name="postJira" time="0.001" classname="Maven.MavenJava.RestAPITest"/>
  <testcase name="deleteTwitter" time="0.000" classname="Maven.MavenJava.RestAPITest"/>
</testsuite> <!-- Maven.MavenJava.RestAPITest -->
