<?xml version="1.0" encoding="UTF-8"?>
<!-- Generated by org.testng.reporters.JUnitReportReporter -->
<testsuite skipped="0" hostname="Admin-PC" name="Maven.MavenJava.AppiumTest" tests="2" failures="0" timestamp="04 Sep 2020 14:08:58 GMT" time="0.001" errors="0">
  <testcase name="nativeAppAndroid" time="0.001" classname="Maven.MavenJava.AppiumTest"/>
  <testcase name="IOSApps" time="0.000" classname="Maven.MavenJava.AppiumTest"/>
</testsuite> <!-- Maven.MavenJava.AppiumTest -->
