<?xml version="1.0" encoding="UTF-8"?>
<!-- Generated by org.testng.reporters.JUnitReportReporter -->
<testsuite skipped="0" hostname="Admin-PC" name="Maven.MavenJava.SeleniumTest" tests="2" failures="0" timestamp="04 Sep 2020 14:08:58 GMT" time="0.020" errors="0">
  <testcase name="browserAutomation" time="0.020" classname="Maven.MavenJava.SeleniumTest"/>
  <testcase name="elementui" time="0.000" classname="Maven.MavenJava.SeleniumTest"/>
</testsuite> <!-- Maven.MavenJava.SeleniumTest -->
